This is XeTeX, Version 3.14159265-2.6-0.999992 (TeX Live 2020) (preloaded format=xelatex 2020.4.7)  12 AUG 2024 15:40
entering extended mode
 restricted \write18 enabled.
 %&-line parsing enabled.
**improve_repro.tex
(./improve_repro.tex
LaTeX2e <2020-02-02> patch level 5
L3 programming layer <2020-03-06> (/usr/local/texlive/2020/texmf-dist/tex/latex
/tufte-latex/tufte-book.cls
Document Class: tufte-book 2015/06/21 v3.5.2 Tufte-book class
(/usr/local/texlive/2020/texmf-dist/tex/latex/tufte-latex/tufte-common.def
File: tufte-common.def 2015/06/21 v3.5.2 Common code for the Tufte-LaTeX styles

(/usr/local/texlive/2020/texmf-dist/tex/latex/xkeyval/xkeyval.sty
Package: xkeyval 2014/12/03 v2.7a package option processing (HA)
(/usr/local/texlive/2020/texmf-dist/tex/generic/xkeyval/xkeyval.tex (/usr/local
/texlive/2020/texmf-dist/tex/generic/xkeyval/xkvutils.tex
\XKV@toks=\toks15
\XKV@tempa@toks=\toks16
(/usr/local/texlive/2020/texmf-dist/tex/generic/xkeyval/keyval.tex))
\XKV@depth=\count163
File: xkeyval.tex 2014/12/03 v2.7a key=value parser (HA)
)) (/usr/local/texlive/2020/texmf-dist/tex/latex/xifthen/xifthen.sty
Package: xifthen 2015/11/05 v1.4.0 Extended ifthen features
(/usr/local/texlive/2020/texmf-dist/tex/latex/tools/calc.sty
Package: calc 2017/05/25 v4.3 Infix arithmetic (KKT,FJ)
\calc@Acount=\count164
\calc@Bcount=\count165
\calc@Adimen=\dimen134
\calc@Bdimen=\dimen135
\calc@Askip=\skip47
\calc@Bskip=\skip48
LaTeX Info: Redefining \setlength on input line 80.
LaTeX Info: Redefining \addtolength on input line 81.
\calc@Ccount=\count166
\calc@Cskip=\skip49
) (/usr/local/texlive/2020/texmf-dist/tex/latex/base/ifthen.sty
Package: ifthen 2014/09/29 v1.1c Standard LaTeX ifthen package (DPC)
) (/usr/local/texlive/2020/texmf-dist/tex/latex/ifmtarg/ifmtarg.sty
Package: ifmtarg 2018/04/16 v1.2b check for an empty argument
)) (/usr/local/texlive/2020/texmf-dist/tex/latex/hardwrap/hardwrap.sty
Package: hardwrap 2011/02/12 v0.2 Hard wrap messages
(/usr/local/texlive/2020/texmf-dist/tex/latex/ifplatform/ifplatform.sty
Package: ifplatform 2017/10/13 v0.4a Testing for the operating system
(/usr/local/texlive/2020/texmf-dist/tex/latex/tools/shellesc.sty
Package: shellesc 2019/11/08 v1.0c unified shell escape interface for LaTeX
Package shellesc Info: Restricted shell escape enabled on input line 77.
) (/usr/local/texlive/2020/texmf-dist/tex/latex/pdftexcmds/pdftexcmds.sty
Package: pdftexcmds 2019/11/24 v0.31 Utility functions of pdfTeX for LuaTeX (HO
)
(/usr/local/texlive/2020/texmf-dist/tex/generic/infwarerr/infwarerr.sty
Package: infwarerr 2019/12/03 v1.5 Providing info/warning/error messages (HO)
) (/usr/local/texlive/2020/texmf-dist/tex/generic/iftex/iftex.sty
Package: iftex 2020/03/06 v1.0d TeX engine tests
) (/usr/local/texlive/2020/texmf-dist/tex/generic/ltxcmds/ltxcmds.sty
Package: ltxcmds 2019/12/15 v1.24 LaTeX kernel commands for general use (HO)
)
Package pdftexcmds Info: \pdf@primitive is available.
Package pdftexcmds Info: \pdf@ifprimitive is available.
Package pdftexcmds Info: \pdfdraftmode not found.
) (/usr/local/texlive/2020/texmf-dist/tex/generic/catchfile/catchfile.sty
Package: catchfile 2019/12/09 v1.8 Catch the contents of a file (HO)
(/usr/local/texlive/2020/texmf-dist/tex/generic/etexcmds/etexcmds.sty
Package: etexcmds 2019/12/15 v1.7 Avoid name clashes with e-TeX commands (HO)
)) (/usr/local/texlive/2020/texmf-dist/tex/generic/iftex/ifluatex.sty
Package: ifluatex 2019/10/25 v1.5 ifluatex legacy package. Use iftex instead.
)

Package ifplatform Warning: 
    shell escape is disabled, so I can only detect \ifwindows.

) (/usr/local/texlive/2020/texmf-dist/tex/generic/iftex/ifxetex.sty
Package: ifxetex 2019/10/25 v0.7 ifxetex legacy package. Use iftex instead.
)
\hw@charcount=\count167
\hw@wordcount=\count168
\hw@maxprintline=\count169
)
Class tufte-book Info: Loading the base class `book'
(/usr/local/texlive/2020/texmf-dist/tex/latex/base/book.cls
Document Class: book 2019/12/20 v1.4l Standard LaTeX document class
(/usr/local/texlive/2020/texmf-dist/tex/latex/base/bk10.clo
File: bk10.clo 2019/12/20 v1.4l Standard LaTeX file (size option)
)
\c@part=\count170
\c@chapter=\count171
\c@section=\count172
\c@subsection=\count173
\c@subsubsection=\count174
\c@paragraph=\count175
\c@subparagraph=\count176
\c@figure=\count177
\c@table=\count178
\abovecaptionskip=\skip50
\belowcaptionskip=\skip51
\bibindent=\dimen136
) (/usr/local/texlive/2020/texmf-dist/tex/generic/iftex/ifpdf.sty
Package: ifpdf 2019/10/25 v3.4 ifpdf legacy package. Use iftex instead.
) (/usr/local/texlive/2020/texmf-dist/tex/xelatex/xltxtra/xltxtra.sty
Package: xltxtra 2018/12/31 v0.7 Improvements for the "XeLaTeX" format
(/usr/local/texlive/2020/texmf-dist/tex/latex/fontspec/fontspec.sty (/usr/local
/texlive/2020/texmf-dist/tex/latex/l3packages/xparse/xparse.sty (/usr/local/tex
live/2020/texmf-dist/tex/latex/l3kernel/expl3.sty
Package: expl3 2020-03-06 L3 programming layer (loader) 

(/usr/local/texlive/2020/texmf-dist/tex/latex/l3backend/l3backend-xdvipdfmx.def
File: l3backend-xdvipdfmx.def 2020-03-12 L3 backend support: xdvipdfmx
\g__graphics_track_int=\count179
\l__pdf_internal_box=\box45
\g__pdf_backend_object_int=\count180
\g__pdf_backend_annotation_int=\count181
))
Package: xparse 2020-03-06 L3 Experimental document command parser
\l__xparse_current_arg_int=\count182
\g__xparse_grabber_int=\count183
\l__xparse_m_args_int=\count184
\l__xparse_v_nesting_int=\count185
)
Package: fontspec 2020/02/21 v2.7i Font selection for XeLaTeX and LuaLaTeX
(/usr/local/texlive/2020/texmf-dist/tex/latex/fontspec/fontspec-xetex.sty
Package: fontspec-xetex 2020/02/21 v2.7i Font selection for XeLaTeX and LuaLaTe
X
\l__fontspec_script_int=\count186
\l__fontspec_language_int=\count187
\l__fontspec_strnum_int=\count188
\l__fontspec_tmp_int=\count189
\l__fontspec_tmpa_int=\count190
\l__fontspec_tmpb_int=\count191
\l__fontspec_tmpc_int=\count192
\l__fontspec_em_int=\count193
\l__fontspec_emdef_int=\count194
\l__fontspec_strong_int=\count195
\l__fontspec_strongdef_int=\count196
\l__fontspec_tmpa_dim=\dimen137
\l__fontspec_tmpb_dim=\dimen138
\l__fontspec_tmpc_dim=\dimen139
(/usr/local/texlive/2020/texmf-dist/tex/latex/base/fontenc.sty
Package: fontenc 2020/02/11 v2.0o Standard LaTeX package
) (/usr/local/texlive/2020/texmf-dist/tex/latex/fontspec/fontspec.cfg))) (/usr/
local/texlive/2020/texmf-dist/tex/latex/realscripts/realscripts.sty
Package: realscripts 2016/02/13 v0.3d Access OpenType subscripts and superscrip
ts
\subsupersep=\dimen140
) (/usr/local/texlive/2020/texmf-dist/tex/latex/metalogo/metalogo.sty
Package: metalogo 2010/05/29 v0.12 Extended TeX logo macros
(/usr/local/texlive/2020/texmf-dist/tex/latex/graphics/graphicx.sty
Package: graphicx 2019/11/30 v1.2a Enhanced LaTeX Graphics (DPC,SPQR)
(/usr/local/texlive/2020/texmf-dist/tex/latex/graphics/graphics.sty
Package: graphics 2019/11/30 v1.4a Standard LaTeX Graphics (DPC,SPQR)
(/usr/local/texlive/2020/texmf-dist/tex/latex/graphics/trig.sty
Package: trig 2016/01/03 v1.10 sin cos tan (DPC)
) (/usr/local/texlive/2020/texmf-dist/tex/latex/graphics-cfg/graphics.cfg
File: graphics.cfg 2016/06/04 v1.11 sample graphics configuration
)
Package graphics Info: Driver file: xetex.def on input line 105.
(/usr/local/texlive/2020/texmf-dist/tex/latex/graphics-def/xetex.def
File: xetex.def 2017/06/24 v5.0h Graphics/color driver for xetex
))
\Gin@req@height=\dimen141
\Gin@req@width=\dimen142
)
\xl@everylogo=\toks17
\xl@@everylogo=\toks18
LaTeX Info: Redefining \TeX on input line 193.
LaTeX Info: Redefining \LaTeX on input line 202.
LaTeX Info: Redefining \LaTeXe on input line 219.
)
\l__xetex_show_hyphens_wrapping_box=\box46
\l__xetex_show_hyphens_temp_box=\box47
\l__xetex_show_hyphens_final_box=\box48
\g__xetex_show_hyphens_word_box=\box49
) (/usr/local/texlive/2020/texmf-dist/tex/latex/titlesec/titlesec.sty
Package: titlesec 2019/10/16 v2.13 Sectioning titles
\ttl@box=\box50
\beforetitleunit=\skip52
\aftertitleunit=\skip53
\ttl@plus=\dimen143
\ttl@minus=\dimen144
\ttl@toksa=\toks19
\titlewidth=\dimen145
\titlewidthlast=\dimen146
\titlewidthfirst=\dimen147
) (/usr/local/texlive/2020/texmf-dist/tex/latex/titlesec/titletoc.sty
Package: titletoc 2019/10/16 v2.13 TOC entries
\ttl@leftsep=\dimen148
) (/usr/local/texlive/2020/texmf-dist/tex/latex/hyperref/hyperref.sty
Package: hyperref 2020/01/14 v7.00d Hypertext links for LaTeX
(/usr/local/texlive/2020/texmf-dist/tex/generic/kvsetkeys/kvsetkeys.sty
Package: kvsetkeys 2019/12/15 v1.18 Key value parser (HO)
) (/usr/local/texlive/2020/texmf-dist/tex/generic/kvdefinekeys/kvdefinekeys.sty
Package: kvdefinekeys 2019-12-19 v1.6 Define keys (HO)
) (/usr/local/texlive/2020/texmf-dist/tex/generic/pdfescape/pdfescape.sty
Package: pdfescape 2019/12/09 v1.15 Implements pdfTeX's escape features (HO)
) (/usr/local/texlive/2020/texmf-dist/tex/latex/hycolor/hycolor.sty
Package: hycolor 2020-01-27 v1.10 Color options for hyperref/bookmark (HO)
) (/usr/local/texlive/2020/texmf-dist/tex/latex/letltxmacro/letltxmacro.sty
Package: letltxmacro 2019/12/03 v1.6 Let assignment for LaTeX macros (HO)
) (/usr/local/texlive/2020/texmf-dist/tex/latex/auxhook/auxhook.sty
Package: auxhook 2019-12-17 v1.6 Hooks for auxiliary files (HO)
) (/usr/local/texlive/2020/texmf-dist/tex/latex/kvoptions/kvoptions.sty
Package: kvoptions 2019/11/29 v3.13 Key value format for package options (HO)
)
\@linkdim=\dimen149
\Hy@linkcounter=\count197
\Hy@pagecounter=\count198
(/usr/local/texlive/2020/texmf-dist/tex/latex/hyperref/pd1enc.def
File: pd1enc.def 2020/01/14 v7.00d Hyperref: PDFDocEncoding definition (HO)
) (/usr/local/texlive/2020/texmf-dist/tex/generic/intcalc/intcalc.sty
Package: intcalc 2019/12/15 v1.3 Expandable calculations with integers (HO)
)
\Hy@SavedSpaceFactor=\count199
Package hyperref Info: Option `unicode' set `true' on input line 4421.
(/usr/local/texlive/2020/texmf-dist/tex/latex/hyperref/puenc.def
File: puenc.def 2020/01/14 v7.00d Hyperref: PDF Unicode definition (HO)
)
Package hyperref Info: Option `hyperfootnotes' set `false' on input line 4421.
Package hyperref Info: Hyper figures OFF on input line 4547.
Package hyperref Info: Link nesting OFF on input line 4552.
Package hyperref Info: Hyper index ON on input line 4555.
Package hyperref Info: Plain pages OFF on input line 4562.
Package hyperref Info: Backreferencing OFF on input line 4567.
Package hyperref Info: Implicit mode ON; LaTeX internals redefined.
Package hyperref Info: Bookmarks ON on input line 4800.
\c@Hy@tempcnt=\count266
(/usr/local/texlive/2020/texmf-dist/tex/latex/url/url.sty
\Urlmuskip=\muskip16
Package: url 2013/09/16  ver 3.4  Verb mode for urls, etc.
)
LaTeX Info: Redefining \url on input line 5159.
\XeTeXLinkMargin=\dimen150
(/usr/local/texlive/2020/texmf-dist/tex/generic/bitset/bitset.sty
Package: bitset 2019/12/09 v1.3 Handle bit-vector datatype (HO)
(/usr/local/texlive/2020/texmf-dist/tex/generic/bigintcalc/bigintcalc.sty
Package: bigintcalc 2019/12/15 v1.5 Expandable calculations on big integers (HO
)
))
\Fld@menulength=\count267
\Field@Width=\dimen151
\Fld@charsize=\dimen152
Package hyperref Info: Hyper figures OFF on input line 6430.
Package hyperref Info: Link nesting OFF on input line 6435.
Package hyperref Info: Hyper index ON on input line 6438.
Package hyperref Info: backreferencing OFF on input line 6445.
Package hyperref Info: Link coloring OFF on input line 6450.
Package hyperref Info: Link coloring with OCG OFF on input line 6455.
Package hyperref Info: PDF/A mode OFF on input line 6460.
LaTeX Info: Redefining \ref on input line 6500.
LaTeX Info: Redefining \pageref on input line 6504.
(/usr/local/texlive/2020/texmf-dist/tex/generic/atbegshi/atbegshi.sty
Package: atbegshi 2019/12/05 v1.19 At begin shipout hook (HO)
)
\Hy@abspage=\count268
\c@Item=\count269
)
Package hyperref Info: Driver: hxetex.
(/usr/local/texlive/2020/texmf-dist/tex/latex/hyperref/hxetex.def
File: hxetex.def 2020/01/14 v7.00d Hyperref driver for XeTeX
(/usr/local/texlive/2020/texmf-dist/tex/generic/stringenc/stringenc.sty
Package: stringenc 2019/11/29 v1.12 Convert strings between diff. encodings (HO
)
)
\pdfm@box=\box51
\c@Hy@AnnotLevel=\count270
\HyField@AnnotCount=\count271
\Fld@listcount=\count272
\c@bookmark@seq@number=\count273

(/usr/local/texlive/2020/texmf-dist/tex/latex/rerunfilecheck/rerunfilecheck.sty
Package: rerunfilecheck 2019/12/05 v1.9 Rerun checks for auxiliary files (HO)
(/usr/local/texlive/2020/texmf-dist/tex/latex/atveryend/atveryend.sty
Package: atveryend 2019-12-11 v1.11 Hooks at the very end of document (HO)
Package atveryend Info: \enddocument detected (standard20110627).
)
(/usr/local/texlive/2020/texmf-dist/tex/generic/uniquecounter/uniquecounter.sty
Package: uniquecounter 2019/12/15 v1.4 Provide unlimited unique counter (HO)
)
Package uniquecounter Info: New unique counter `rerunfilecheck' on input line 2
86.
)
\Hy@SectionHShift=\skip54
) (/usr/local/texlive/2020/texmf-dist/tex/latex/ragged2e/ragged2e.sty
Package: ragged2e 2019/07/28 v2.2 ragged2e Package (MS)
(/usr/local/texlive/2020/texmf-dist/tex/latex/ms/everysel.sty
Package: everysel 2011/10/28 v1.2 EverySelectfont Package (MS)
)
\CenteringLeftskip=\skip55
\RaggedLeftLeftskip=\skip56
\RaggedRightLeftskip=\skip57
\CenteringRightskip=\skip58
\RaggedLeftRightskip=\skip59
\RaggedRightRightskip=\skip60
\CenteringParfillskip=\skip61
\RaggedLeftParfillskip=\skip62
\RaggedRightParfillskip=\skip63
\JustifyingParfillskip=\skip64
\CenteringParindent=\skip65
\RaggedLeftParindent=\skip66
\RaggedRightParindent=\skip67
\JustifyingParindent=\skip68
) (/usr/local/texlive/2020/texmf-dist/tex/latex/geometry/geometry.sty
Package: geometry 2020/01/02 v5.9 Page Geometry
(/usr/local/texlive/2020/texmf-dist/tex/generic/iftex/ifvtex.sty
Package: ifvtex 2019/10/25 v1.7 ifvtex legacy package. Use iftex instead.
)
\Gm@cnth=\count274
\Gm@cntv=\count275
\c@Gm@tempcnt=\count276
\Gm@bindingoffset=\dimen153
\Gm@wd@mp=\dimen154
\Gm@odd@mp=\dimen155
\Gm@even@mp=\dimen156
\Gm@layoutwidth=\dimen157
\Gm@layoutheight=\dimen158
\Gm@layouthoffset=\dimen159
\Gm@layoutvoffset=\dimen160
\Gm@dimlist=\toks20
) (/usr/local/texlive/2020/texmf-dist/tex/latex/changepage/changepage.sty
Package: changepage 2009/10/20 v1.0c check page and change page layout
\c@cp@cntr=\count277
\cp@tempcnt=\count278
)
\@tufte@overhang=\skip69
\@tufte@fullwidth=\skip70
\@tufte@caption@fill=\skip71
(/usr/local/texlive/2020/texmf-dist/tex/latex/paralist/paralist.sty
Package: paralist 2017/01/22 v2.7 Extended list environments
\pltopsep=\skip72
\plpartopsep=\skip73
\plitemsep=\skip74
\plparsep=\skip75
\pl@lab=\toks21
) (/usr/local/texlive/2020/texmf-dist/tex/latex/textcase/textcase.sty
Package: textcase 2019/09/14 v1.00 Text only upper/lower case changing (DPC)
) (/usr/local/texlive/2020/texmf-dist/tex/latex/soul/soul.sty
Package: soul 2003/11/17 v2.4 letterspacing/underlining (mf)
\SOUL@word=\toks22
\SOUL@lasttoken=\toks23
\SOUL@cmds=\toks24
\SOUL@buffer=\toks25
\SOUL@token=\toks26
\SOUL@spaceskip=\skip76
\SOUL@ttwidth=\dimen161
\SOUL@uldp=\dimen162
\SOUL@ulht=\dimen163
)
LaTeX Info: Redefining \allcapsspacing on input line 737.
LaTeX Info: Redefining \smallcapsspacing on input line 737.
(/usr/local/texlive/2020/texmf-dist/tex/latex/setspace/setspace.sty
Package: setspace 2011/12/19 v6.7a set line spacing
) (/usr/local/texlive/2020/texmf-dist/tex/latex/xcolor/xcolor.sty
Package: xcolor 2016/05/11 v2.12 LaTeX color extensions (UK)
(/usr/local/texlive/2020/texmf-dist/tex/latex/graphics-cfg/color.cfg
File: color.cfg 2016/01/02 v1.6 sample color configuration
)
Package xcolor Info: Package option `usenames' ignored on input line 216.
Package xcolor Info: Driver file: xetex.def on input line 225.
Package xcolor Info: Model `cmy' substituted by `cmy0' on input line 1348.
Package xcolor Info: Model `RGB' extended on input line 1364.
Package xcolor Info: Model `HTML' substituted by `rgb' on input line 1366.
Package xcolor Info: Model `Hsb' substituted by `hsb' on input line 1367.
Package xcolor Info: Model `tHsb' substituted by `hsb' on input line 1368.
Package xcolor Info: Model `HSB' substituted by `hsb' on input line 1369.
Package xcolor Info: Model `Gray' substituted by `gray' on input line 1370.
Package xcolor Info: Model `wave' substituted by `hsb' on input line 1371.
(/usr/local/texlive/2020/texmf-dist/tex/latex/graphics/dvipsnam.def
File: dvipsnam.def 2016/06/17 v3.0m Driver-dependent file (DPC,SPQR)
) (/usr/local/texlive/2020/texmf-dist/tex/latex/xcolor/svgnam.def
File: svgnam.def 2016/05/11 v2.12 Predefined colors according to SVG 1.1 (UK)
)) (/usr/local/texlive/2020/texmf-dist/tex/latex/natbib/natbib.sty
Package: natbib 2010/09/13 8.31b (PWD, AO)
\bibhang=\skip77
\bibsep=\skip78
LaTeX Info: Redefining \cite on input line 694.
\c@NAT@ctr=\count279
) (/usr/local/texlive/2020/texmf-dist/tex/latex/natbib/bibentry.sty
Package: bibentry 2007/10/30 1.5 (PWD)
) (./improve_repro.bbl)
\c@@tufte@num@bibkeys=\count280
(/usr/local/texlive/2020/texmf-dist/tex/latex/sauerj/optparams.sty
Package: optparams 2004/08/14 v0.9 multiple optional parameters in macros
)
\@tufte@sidenote@vertical@offset=\skip79
(/usr/local/texlive/2020/texmf-dist/tex/latex/placeins/placeins.sty
Package: placeins 2005/04/18  v 2.2
)
\@tufte@margin@floatbox=\box52
\@tufte@figure@box=\box53
\@tufte@caption@box=\box54
\@tufte@caption@vertical@offset=\skip80
\@tufte@float@contents@width=\skip81
(/usr/local/texlive/2020/texmf-dist/tex/latex/fancyhdr/fancyhdr.sty
Package: fancyhdr 2019/01/31 v3.10 Extensive control of page headers and footer
s
\f@nch@headwidth=\skip82
\f@nch@O@elh=\skip83
\f@nch@O@erh=\skip84
\f@nch@O@olh=\skip85
\f@nch@O@orh=\skip86
\f@nch@O@elf=\skip87
\f@nch@O@erf=\skip88
\f@nch@O@olf=\skip89
\f@nch@O@orf=\skip90
)
\tufteskipamount=\skip91
(/usr/local/texlive/2020/texmf-dist/tex/latex/tools/multicol.sty
Package: multicol 2019/12/09 v1.8y multicolumn formatting (FMi)
\c@tracingmulticols=\count281
\mult@box=\box55
\multicol@leftmargin=\dimen164
\c@unbalance=\count282
\c@collectmore=\count283
\doublecol@number=\count284
\multicoltolerance=\count285
\multicolpretolerance=\count286
\full@width=\dimen165
\page@free=\dimen166
\premulticols=\dimen167
\postmulticols=\dimen168
\multicolsep=\skip92
\multicolbaselineskip=\skip93
\partial@page=\box56
\last@line=\box57
\maxbalancingoverflow=\dimen169
\mult@rightbox=\box58
\mult@grightbox=\box59
\mult@gfirstbox=\box60
\mult@firstbox=\box61
\@tempa=\box62
\@tempa=\box63
\@tempa=\box64
\@tempa=\box65
\@tempa=\box66
\@tempa=\box67
\@tempa=\box68
\@tempa=\box69
\@tempa=\box70
\@tempa=\box71
\@tempa=\box72
\@tempa=\box73
\@tempa=\box74
\@tempa=\box75
\@tempa=\box76
\@tempa=\box77
\@tempa=\box78
\@tempa=\box79
\@tempa=\box80
\@tempa=\box81
\@tempa=\box82
\@tempa=\box83
\@tempa=\box84
\@tempa=\box85
\@tempa=\box86
\@tempa=\box87
\@tempa=\box88
\@tempa=\box89
\@tempa=\box90
\@tempa=\box91
\@tempa=\box92
\@tempa=\box93
\@tempa=\box94
\@tempa=\box95
\@tempa=\box96
\@tempa=\box97
\@tempa=\box98
\c@minrows=\count287
\c@columnbadness=\count288
\c@finalcolumnbadness=\count289
\last@try=\dimen170
\multicolovershoot=\dimen171
\multicolundershoot=\dimen172
\mult@nat@firstbox=\box99
\colbreak@box=\box100
\mc@col@check@num=\count290
))) (/usr/local/texlive/2020/texmf-dist/tex/latex/amsfonts/amssymb.sty
Package: amssymb 2013/01/14 v3.01 AMS font symbols
(/usr/local/texlive/2020/texmf-dist/tex/latex/amsfonts/amsfonts.sty
Package: amsfonts 2013/01/14 v3.01 Basic AMSFonts support
\@emptytoks=\toks27
\symAMSa=\mathgroup4
\symAMSb=\mathgroup5
LaTeX Font Info:    Redeclaring math symbol \hbar on input line 98.
LaTeX Font Info:    Overwriting math alphabet `\mathfrak' in version `bold'
(Font)                  U/euf/m/n --> U/euf/b/n on input line 106.
)) (/usr/local/texlive/2020/texmf-dist/tex/latex/amsmath/amsmath.sty
Package: amsmath 2020/01/20 v2.17e AMS math features
\@mathmargin=\skip94
For additional information on amsmath, use the `?' option.
(/usr/local/texlive/2020/texmf-dist/tex/latex/amsmath/amstext.sty
Package: amstext 2000/06/29 v2.01 AMS text
(/usr/local/texlive/2020/texmf-dist/tex/latex/amsmath/amsgen.sty
File: amsgen.sty 1999/11/30 v2.0 generic functions
\@emptytoks=\toks28
\ex@=\dimen173
)) (/usr/local/texlive/2020/texmf-dist/tex/latex/amsmath/amsbsy.sty
Package: amsbsy 1999/11/29 v1.2d Bold Symbols
\pmbraise@=\dimen174
) (/usr/local/texlive/2020/texmf-dist/tex/latex/amsmath/amsopn.sty
Package: amsopn 2016/03/08 v2.02 operator names
)
\inf@bad=\count291
LaTeX Info: Redefining \frac on input line 227.
\uproot@=\count292
\leftroot@=\count293
LaTeX Info: Redefining \overline on input line 389.
\classnum@=\count294
\DOTSCASE@=\count295
LaTeX Info: Redefining \ldots on input line 486.
LaTeX Info: Redefining \dots on input line 489.
LaTeX Info: Redefining \cdots on input line 610.
\Mathstrutbox@=\box101
\strutbox@=\box102
\big@size=\dimen175
LaTeX Font Info:    Redeclaring font encoding OML on input line 733.
LaTeX Font Info:    Redeclaring font encoding OMS on input line 734.
\macc@depth=\count296
\c@MaxMatrixCols=\count297
\dotsspace@=\muskip17
\c@parentequation=\count298
\dspbrk@lvl=\count299
\tag@help=\toks29
\row@=\count300
\column@=\count301
\maxfields@=\count302
\andhelp@=\toks30
\eqnshift@=\dimen176
\alignsep@=\dimen177
\tagshift@=\dimen178
\tagwidth@=\dimen179
\totwidth@=\dimen180
\lineht@=\dimen181
\@envbody=\toks31
\multlinegap=\skip95
\multlinetaggap=\skip96
\mathdisplay@stack=\toks32
LaTeX Info: Redefining \[ on input line 2859.
LaTeX Info: Redefining \] on input line 2860.
) (/usr/local/texlive/2020/texmf-dist/tex/latex/base/fixltx2e.sty
Package: fixltx2e 2016/12/29 v2.1a fixes to LaTeX (obsolete)
Applying: [2015/01/01] Old fixltx2e package on input line 46.

Package fixltx2e Warning: fixltx2e is not required with releases after 2015
(fixltx2e)                All fixes are now in the LaTeX kernel.
(fixltx2e)                See the latexrelease package for details.

Already applied: [0000/00/00] Old fixltx2e package on input line 53.
) (/usr/local/texlive/2020/texmf-dist/tex/latex/booktabs/booktabs.sty
Package: booktabs 2020/01/12 v1.61803398 Publication quality tables
\heavyrulewidth=\dimen182
\lightrulewidth=\dimen183
\cmidrulewidth=\dimen184
\belowrulesep=\dimen185
\belowbottomsep=\dimen186
\aboverulesep=\dimen187
\abovetopsep=\dimen188
\cmidrulesep=\dimen189
\cmidrulekern=\dimen190
\defaultaddspace=\dimen191
\@cmidla=\count303
\@cmidlb=\count304
\@aboverulesep=\dimen192
\@belowrulesep=\dimen193
\@thisruleclass=\count305
\@lastruleclass=\count306
\@thisrulewidth=\dimen194
) (/usr/local/texlive/2020/texmf-dist/tex/latex/units/units.sty
Package: units 1998/08/04 v0.9b Typesetting units
(/usr/local/texlive/2020/texmf-dist/tex/latex/units/nicefrac.sty
Package: nicefrac 1998/08/04 v0.9b Nice fractions
\L@UnitsRaiseDisplaystyle=\skip97
\L@UnitsRaiseTextstyle=\skip98
\L@UnitsRaiseScriptstyle=\skip99
)) (/usr/local/texlive/2020/texmf-dist/tex/latex/fancyvrb/fancyvrb.sty
Package: fancyvrb 2020/01/13 v3.5 verbatim text (tvz,hv)
\FV@CodeLineNo=\count307
\FV@InFile=\read2
\FV@TabBox=\box103
\c@FancyVerbLine=\count308
\FV@StepNumber=\count309
\FV@OutFile=\write3
) (/usr/local/texlive/2020/texmf-dist/tex/latex/tools/longtable.sty
Package: longtable 2020/01/07 v4.13 Multi-page Table package (DPC)
\LTleft=\skip100
\LTright=\skip101
\LTpre=\skip102
\LTpost=\skip103
\LTchunksize=\count310
\LTcapwidth=\dimen195
\LT@head=\box104
\LT@firsthead=\box105
\LT@foot=\box106
\LT@lastfoot=\box107
\LT@cols=\count311
\LT@rows=\count312
\c@LT@tables=\count313
\c@LT@chunks=\count314
\LT@p@ftn=\toks33
) (/usr/local/texlive/2020/texmf-dist/tex/latex/tools/array.sty
Package: array 2019/08/31 v2.4l Tabular extension package (FMi)
\col@sep=\dimen196
\ar@mcellbox=\box108
\extrarowheight=\dimen197
\NC@list=\toks34
\extratabsurround=\skip104
\backup@length=\skip105
\ar@cellbox=\box109
) (/usr/local/texlive/2020/texmf-dist/tex/latex/etoolbox/etoolbox.sty
Package: etoolbox 2019/09/21 v2.5h e-TeX tools for LaTeX (JAW)
\etb@tempcnta=\count315
) (/usr/local/texlive/2020/texmf-dist/tex/latex/footnotehyper/footnotehyper.sty
Package: footnotehyper 2019/11/07 v1.1a hyperref aware footnote.sty (JFB)
\FNH@notes=\box110
\FNH@width=\dimen198
) (/usr/local/texlive/2020/texmf-dist/tex/generic/ulem/ulem.sty
\UL@box=\box111
\UL@hyphenbox=\box112
\UL@skip=\skip106
\UL@hook=\toks35
\UL@height=\dimen199
\UL@pe=\count316
\UL@pixel=\dimen256
\ULC@box=\box113
Package: ulem 2019/11/18
\ULdepth=\dimen257
) (/usr/local/texlive/2020/texmf-dist/tex/latex/morefloats/morefloats.sty
Package: morefloats 2015/07/22 v1.0h Raise limit of unprocessed floats (HMM)
Package morefloats Info: Maximum number of possible floats asked for: 36
(morefloats)             (i.e. 18 more floats).
(morefloats)             LaTeX might run out of memory before this
(morefloats)             (in which case it will notify you).
) (/usr/local/texlive/2020/texmf-dist/tex/latex/amscls/amsthm.sty
Package: amsthm 2017/10/31 v2.20.4
\thm@style=\toks36
\thm@bodyfont=\toks37
\thm@headfont=\toks38
\thm@notefont=\toks39
\thm@headpunct=\toks40
\thm@preskip=\skip107
\thm@postskip=\skip108
\thm@headsep=\skip109
\dth@everypar=\toks41
)

Package fontspec Info: Gill Sans scale = 0.9583979424608359.


Package fontspec Info: Gill Sans scale = 0.9583979424608359.


Package fontspec Info: Gill Sans/B scale = 0.8594788842536386.


Package fontspec Info: Gill Sans/I scale = 0.9450584011696964.


Package fontspec Info: Gill Sans/BI scale = 0.8594788842536386.


Package fontspec Info: Font family 'GillSans(0)' created for font 'Gill Sans'
(fontspec)             with options
(fontspec)             [Ligatures=TeX,Scale=MatchLowercase,Ligatures=TeX].
(fontspec)              
(fontspec)              This font family consists of the following NFSS
(fontspec)             series/shapes:
(fontspec)              
(fontspec)             - 'normal' (m/n) with NFSS spec.:
(fontspec)             <->s*[0.9583979424608359]"Gill
(fontspec)             Sans/OT:language=dflt;mapping=tex-text;"
(fontspec)             - 'small caps'  (m/sc) with NFSS spec.: 
(fontspec)             - 'bold' (b/n) with NFSS spec.:
(fontspec)             <->s*[0.8594788842536386]"Gill
(fontspec)             Sans/B/OT:language=dflt;mapping=tex-text;"
(fontspec)             - 'bold small caps'  (b/sc) with NFSS spec.: 
(fontspec)             - 'italic' (m/it) with NFSS spec.:
(fontspec)             <->s*[0.9450584011696964]"Gill
(fontspec)             Sans/I/OT:language=dflt;mapping=tex-text;"
(fontspec)             - 'italic small caps'  (m/scit) with NFSS spec.: 
(fontspec)             - 'bold italic' (b/it) with NFSS spec.:
(fontspec)             <->s*[0.8594788842536386]"Gill
(fontspec)             Sans/BI/OT:language=dflt;mapping=tex-text;"
(fontspec)             - 'bold italic small caps'  (b/scit) with NFSS spec.: 

LaTeX Font Info:    Font shape `TU/GillSans(0)/m/n' will be
(Font)              scaled to size 9.58405pt on input line 124.
(./improve_repro.aux)
\openout1 = `improve_repro.aux'.

LaTeX Font Info:    Checking defaults for OML/cmm/m/it on input line 131.
LaTeX Font Info:    ... okay on input line 131.
LaTeX Font Info:    Checking defaults for OMS/cmsy/m/n on input line 131.
LaTeX Font Info:    ... okay on input line 131.
LaTeX Font Info:    Checking defaults for OT1/cmr/m/n on input line 131.
LaTeX Font Info:    ... okay on input line 131.
LaTeX Font Info:    Checking defaults for T1/cmr/m/n on input line 131.
LaTeX Font Info:    ... okay on input line 131.
LaTeX Font Info:    Checking defaults for TS1/cmr/m/n on input line 131.
LaTeX Font Info:    Trying to load font information for TS1+cmr on input line 1
31.
(/usr/local/texlive/2020/texmf-dist/tex/latex/base/ts1cmr.fd
File: ts1cmr.fd 2019/12/16 v2.5j Standard LaTeX font definitions
)
LaTeX Font Info:    ... okay on input line 131.
LaTeX Font Info:    Checking defaults for TU/lmr/m/n on input line 131.
LaTeX Font Info:    ... okay on input line 131.
LaTeX Font Info:    Checking defaults for OMX/cmex/m/n on input line 131.
LaTeX Font Info:    ... okay on input line 131.
LaTeX Font Info:    Checking defaults for U/cmr/m/n on input line 131.
LaTeX Font Info:    ... okay on input line 131.
LaTeX Font Info:    Checking defaults for PD1/pdf/m/n on input line 131.
LaTeX Font Info:    ... okay on input line 131.
LaTeX Font Info:    Checking defaults for PU/pdf/m/n on input line 131.
LaTeX Font Info:    ... okay on input line 131.

Package fontspec Info: Adjusting the maths setup (use [no-math] to avoid
(fontspec)             this).

\symlegacymaths=\mathgroup6
LaTeX Font Info:    Overwriting symbol font `legacymaths' in version `bold'
(Font)                  OT1/cmr/m/n --> OT1/cmr/bx/n on input line 131.
LaTeX Font Info:    Redeclaring math accent \acute on input line 131.
LaTeX Font Info:    Redeclaring math accent \grave on input line 131.
LaTeX Font Info:    Redeclaring math accent \ddot on input line 131.
LaTeX Font Info:    Redeclaring math accent \tilde on input line 131.
LaTeX Font Info:    Redeclaring math accent \bar on input line 131.
LaTeX Font Info:    Redeclaring math accent \breve on input line 131.
LaTeX Font Info:    Redeclaring math accent \check on input line 131.
LaTeX Font Info:    Redeclaring math accent \hat on input line 131.
LaTeX Font Info:    Redeclaring math accent \dot on input line 131.
LaTeX Font Info:    Redeclaring math accent \mathring on input line 131.
LaTeX Font Info:    Redeclaring math symbol \Gamma on input line 131.
LaTeX Font Info:    Redeclaring math symbol \Delta on input line 131.
LaTeX Font Info:    Redeclaring math symbol \Theta on input line 131.
LaTeX Font Info:    Redeclaring math symbol \Lambda on input line 131.
LaTeX Font Info:    Redeclaring math symbol \Xi on input line 131.
LaTeX Font Info:    Redeclaring math symbol \Pi on input line 131.
LaTeX Font Info:    Redeclaring math symbol \Sigma on input line 131.
LaTeX Font Info:    Redeclaring math symbol \Upsilon on input line 131.
LaTeX Font Info:    Redeclaring math symbol \Phi on input line 131.
LaTeX Font Info:    Redeclaring math symbol \Psi on input line 131.
LaTeX Font Info:    Redeclaring math symbol \Omega on input line 131.
LaTeX Font Info:    Redeclaring math symbol \mathdollar on input line 131.
LaTeX Font Info:    Redeclaring symbol font `operators' on input line 131.
LaTeX Font Info:    Encoding `OT1' has changed to `TU' for symbol font
(Font)              `operators' in the math version `normal' on input line 131.

LaTeX Font Info:    Overwriting symbol font `operators' in version `normal'
(Font)                  OT1/cmr/m/n --> TU/GillSans(0)/m/n on input line 131.
LaTeX Font Info:    Encoding `OT1' has changed to `TU' for symbol font
(Font)              `operators' in the math version `bold' on input line 131.
LaTeX Font Info:    Overwriting symbol font `operators' in version `bold'
(Font)                  OT1/cmr/bx/n --> TU/GillSans(0)/m/n on input line 131.
LaTeX Font Info:    Overwriting symbol font `operators' in version `normal'
(Font)                  TU/GillSans(0)/m/n --> TU/GillSans(0)/m/n on input line
 131.
LaTeX Font Info:    Overwriting math alphabet `\mathit' in version `normal'
(Font)                  OT1/cmr/m/it --> TU/GillSans(0)/m/it on input line 131.

LaTeX Font Info:    Overwriting math alphabet `\mathbf' in version `normal'
(Font)                  OT1/cmr/bx/n --> TU/GillSans(0)/b/n on input line 131.
LaTeX Font Info:    Overwriting math alphabet `\mathsf' in version `normal'
(Font)                  OT1/cmss/m/n --> TU/lmss/m/n on input line 131.
LaTeX Font Info:    Overwriting math alphabet `\mathtt' in version `normal'
(Font)                  OT1/cmtt/m/n --> TU/lmtt/m/n on input line 131.
LaTeX Font Info:    Overwriting symbol font `operators' in version `bold'
(Font)                  TU/GillSans(0)/m/n --> TU/GillSans(0)/b/n on input line
 131.
LaTeX Font Info:    Overwriting math alphabet `\mathit' in version `bold'
(Font)                  OT1/cmr/bx/it --> TU/GillSans(0)/b/it on input line 131
.
LaTeX Font Info:    Overwriting math alphabet `\mathsf' in version `bold'
(Font)                  OT1/cmss/bx/n --> TU/lmss/b/n on input line 131.
LaTeX Font Info:    Overwriting math alphabet `\mathtt' in version `bold'
(Font)                  OT1/cmtt/m/n --> TU/lmtt/b/n on input line 131.
\AtBeginShipoutBox=\box114
Package hyperref Info: Link coloring OFF on input line 131.
(/usr/local/texlive/2020/texmf-dist/tex/latex/hyperref/nameref.sty
Package: nameref 2019/09/16 v2.46 Cross-referencing by name of section
(/usr/local/texlive/2020/texmf-dist/tex/latex/refcount/refcount.sty
Package: refcount 2019/12/15 v3.6 Data extraction from label references (HO)
)
(/usr/local/texlive/2020/texmf-dist/tex/generic/gettitlestring/gettitlestring.s
ty
Package: gettitlestring 2019/12/15 v1.6 Cleanup title references (HO)
)
\c@section@level=\count317
)
LaTeX Info: Redefining \ref on input line 131.
LaTeX Info: Redefining \pageref on input line 131.
LaTeX Info: Redefining \nameref on input line 131.
(./improve_repro.out) (./improve_repro.out)
\@outlinefile=\write4
\openout4 = `improve_repro.out'.

ABD: EverySelectfont initializing macros
LaTeX Info: Redefining \selectfont on input line 131.
*geometry* driver: auto-detecting
*geometry* detected driver: xetex
*geometry* verbose mode - [ preamble ] result:
* driver: xetex
* paper: letterpaper
* layout: <same size as paper>
* layoutoffset:(h,v)=(0.0pt,0.0pt)
* modes: twoside asymmetric 
* h-part:(L,W,R)=(72.26999pt, 312.0pt, 230.02501pt)
* v-part:(T,H,B)=(72.26999pt, 616.0pt, 106.7pt)
* \paperwidth=614.295pt
* \paperheight=794.96999pt
* \textwidth=312.0pt
* \textheight=616.0pt
* \oddsidemargin=0.0pt
* \evensidemargin=0.0pt
* \topmargin=-42.0pt
* \headheight=14.0pt
* \headsep=28.0pt
* \topskip=10.0pt
* \footskip=25.29494pt
* \marginparwidth=144.0pt
* \marginparsep=24.0pt
* \columnsep=10.0pt
* \skip\footins=9.0pt plus 4.0pt minus 2.0pt
* \hoffset=0.0pt
* \voffset=0.0pt
* \mag=1000
* \@twocolumnfalse
* \@twosidetrue
* \@mparswitchfalse
* \@reversemarginfalse
* (1in=72.27pt=25.4mm, 1cm=28.453pt)

\langwohyphens=\language86

Package fontspec Warning: \addfontfeature(s) ignored on line 133; it cannot be
(fontspec)                used with a font that wasn't selected by a fontspec
(fontspec)                command.
(fontspec)                 
(fontspec)                 The current font is "\TU/lmss/m/n/18 ".
(fontspec)                  The requested feature is "LetterSpace=15". 


Overfull \hbox (23.11804pt too wide) in paragraph at lines 133--133
[][]\TU/lmss/m/n/18 BROOKE ANDERSON, MICHAEL LYONS, MERCEDES GONZALEZ- 
 []


Overfull \hbox (40.92003pt too wide) in paragraph at lines 133--133
\TU/lmss/m/n/18 JUARRERO, MARCELA HENAO-TAMAYO, AND GREGORY ROBERT- 
 []


Package fontspec Warning: \addfontfeature(s) ignored on line 133; it cannot be
(fontspec)                used with a font that wasn't selected by a fontspec
(fontspec)                command.
(fontspec)                 
(fontspec)                 The current font is "\TU/lmss/m/n/36 ".
(fontspec)                  The requested feature is "LetterSpace=15". 


Overfull \hbox (44.59201pt too wide) in paragraph at lines 133--133
[]\TU/lmss/m/n/36 IMPROVING THE REPRODUCIBIL- 
 []


Overfull \hbox (82.32002pt too wide) in paragraph at lines 133--133
\TU/lmss/m/n/36 RECORDING AND PRE-PROCESSING[]  
 []


Package fontspec Warning: \addfontfeature(s) ignored on line 133; it cannot be
(fontspec)                used with a font that wasn't selected by a fontspec
(fontspec)                command.
(fontspec)                 
(fontspec)                 The current font is "\TU/lmss/m/n/14 ".
(fontspec)                  The requested feature is "LetterSpace=15". 

[1


] [2


]
LaTeX Font Info:    Font shape `TU/GillSans(0)/m/n' will be
(Font)              scaled to size 19.8773pt on input line 139.
LaTeX Font Info:    Font shape `TU/GillSans(0)/m/it' will be
(Font)              scaled to size 19.6004pt on input line 139.
(./improve_repro.toc
LaTeX Font Info:    Font shape `TU/GillSans(0)/m/n' will be
(Font)              scaled to size 13.80101pt on input line 1.
LaTeX Font Info:    Font shape `TU/GillSans(0)/m/it' will be
(Font)              scaled to size 13.60875pt on input line 1.
LaTeX Font Info:    Font shape `TU/GillSans(0)/m/n' will be
(Font)              scaled to size 11.50085pt on input line 4.
LaTeX Font Info:    Font shape `TU/GillSans(0)/m/it' will be
(Font)              scaled to size 11.34064pt on input line 4.
[3])
\tf@toc=\write5
\openout5 = `improve_repro.toc'.


Package fontspec Info: Gill Sans scale = 0.9584013355003546.


Package fontspec Info: Gill Sans scale = 0.9584013355003546.


Package fontspec Info: Gill Sans/B scale = 0.8594819270876123.


Package fontspec Info: Gill Sans/I scale = 0.9450617469829129.


Package fontspec Info: Gill Sans/BI scale = 0.8594819270876123.


Package fontspec Info: Font family 'GillSans(1)' created for font 'Gill Sans'
(fontspec)             with options
(fontspec)             [Ligatures=TeX,Scale=MatchLowercase,Ligatures=TeX,Letter
Space=10].
(fontspec)              
(fontspec)              This font family consists of the following NFSS
(fontspec)             series/shapes:
(fontspec)              
(fontspec)             - 'normal' (m/n) with NFSS spec.:
(fontspec)             <->s*[0.9584013355003546]"Gill
(fontspec)             Sans/OT:language=dflt;letterspace=10;mapping=tex-text;"
(fontspec)             - 'small caps'  (m/sc) with NFSS spec.: 
(fontspec)             - 'bold' (b/n) with NFSS spec.:
(fontspec)             <->s*[0.8594819270876123]"Gill
(fontspec)             Sans/B/OT:language=dflt;letterspace=10;mapping=tex-text;
"
(fontspec)             - 'bold small caps'  (b/sc) with NFSS spec.: 
(fontspec)             - 'italic' (m/it) with NFSS spec.:
(fontspec)             <->s*[0.9450617469829129]"Gill
(fontspec)             Sans/I/OT:language=dflt;letterspace=10;mapping=tex-text;
"
(fontspec)             - 'italic small caps'  (m/scit) with NFSS spec.: 
(fontspec)             - 'bold italic' (b/it) with NFSS spec.:
(fontspec)             <->s*[0.8594819270876123]"Gill
(fontspec)             Sans/BI/OT:language=dflt;letterspace=10;mapping=tex-text
;"
(fontspec)             - 'bold italic small caps'  (b/scit) with NFSS spec.: 

LaTeX Font Info:    Font shape `TU/GillSans(1)/m/n' will be
(Font)              scaled to size 9.58405pt on input line 142.

LaTeX Font Warning: Font shape `TU/GillSans(1)/m/sc' undefined
(Font)              using `TU/GillSans(1)/m/n' instead on input line 142.


Package Fancyhdr Warning: \headheight is too small (14.0pt): 
Make it at least 24.82184pt.
We now make it that large for the rest of the document.
This may cause the page layout to be inconsistent, however.

[4]
Chapter 1.
LaTeX Font Info:    Font shape `TU/GillSans(0)/m/it' will be
(Font)              scaled to size 9.45053pt on input line 142.
File: figures/existing_blackboxes.jpg Graphic file (type bmp)
<figures/existing_blackboxes.jpg>

Underfull \hbox (badness 10000) in paragraph at lines 164--165
[][]
 []


Underfull \hbox (badness 10000) in paragraph at lines 164--165

 []

LaTeX Font Info:    Font shape `TU/GillSans(0)/m/n' will be
(Font)              scaled to size 7.66724pt on input line 165.
[5

]
LaTeX Font Info:    Font shape `TU/GillSans(0)/m/n' will be
(Font)              scaled to size 10.49452pt on input line 202.
LaTeX Font Info:    Font shape `TU/GillSans(0)/m/it' will be
(Font)              scaled to size 10.34833pt on input line 202.

Overfull \hbox (6.8754pt too wide) in paragraph at lines 204--208
\TU/GillSans(0)/m/n/10 This book is licensed under the []Creative Commons Attri
bution-NonCommercial- 
 []


Package fontspec Info: Gill Sans scale = 0.9584013355003546.

LaTeX Font Info:    Font shape `TU/GillSans(1)/m/sc' will be
(Font)              scaled to size 9.58405pt on input line 209.
[6]
Chapter 2.
[7

]
LaTeX Font Info:    Font shape `TU/GillSans(0)/b/n' will be
(Font)              scaled to size 8.59482pt on input line 276.

Package fontspec Info: Gill Sans scale = 0.9584013355003546.

[8]
Underfull \vbox (badness 10000) has occurred while \output is active []


Package fontspec Info: Gill Sans scale = 0.9584013355003546.

[9]
LaTeX Font Info:    Font shape `TU/GillSans(0)/m/n' will be
(Font)              scaled to size 8.62564pt on input line 417.

Package fontspec Info: Gill Sans scale = 0.9584013355003546.

[10]

Package fontspec Info: Gill Sans scale = 0.9584013355003546.

[11]
Underfull \vbox (badness 10000) has occurred while \output is active []


Package fontspec Info: Gill Sans scale = 0.9584013355003546.

[12]

Package fontspec Info: Gill Sans scale = 0.9584013355003546.

[13]
Underfull \vbox (badness 10000) has occurred while \output is active []


Package fontspec Info: Gill Sans scale = 0.9584013355003546.

[14]
Underfull \vbox (badness 10000) has occurred while \output is active []


Package fontspec Info: Gill Sans scale = 0.9584013355003546.

[15]
Underfull \vbox (badness 10000) has occurred while \output is active []


Package fontspec Info: Gill Sans scale = 0.9584013355003546.

[16]

Package fontspec Info: Gill Sans scale = 0.9584013355003546.

[17]

Package fontspec Info: Gill Sans scale = 0.9584013355003546.

[18]
Overfull \hbox (1.25346pt too wide) in paragraph at lines 863--869
\TU/GillSans(0)/m/n/10 well. It can be very difficult to impose such standards 
top-down and community- 
 []


Package fontspec Info: Gill Sans scale = 0.9584013355003546.

[19]
LaTeX Font Info:    Font shape `TU/GillSans(0)/m/n' will be
(Font)              scaled to size 6.70883pt on input line 927.
LaTeX Font Info:    Font shape `TU/GillSans(0)/m/n' will be
(Font)              scaled to size 4.79202pt on input line 927.
LaTeX Font Info:    Trying to load font information for U+msa on input line 927
.
(/usr/local/texlive/2020/texmf-dist/tex/latex/amsfonts/umsa.fd
File: umsa.fd 2013/01/14 v3.01 AMS symbols A
)
LaTeX Font Info:    Trying to load font information for U+msb on input line 927
.
(/usr/local/texlive/2020/texmf-dist/tex/latex/amsfonts/umsb.fd
File: umsb.fd 2013/01/14 v3.01 AMS symbols B
)
Overfull \hbox (3.47356pt too wide) in paragraph at lines 925--934
\TU/GillSans(0)/m/n/10 tice, and research, the BioPortal website ([]$[][][][] [
] [] [] [][][][][][][][][] [] [][][][][][][][][][][] [] 
 []


Package fontspec Info: Gill Sans scale = 0.9584013355003546.

[20]

Package fontspec Info: Gill Sans scale = 0.9584013355003546.

[21]

Package fontspec Info: Gill Sans scale = 0.9584013355003546.

[22]
Underfull \vbox (badness 10000) has occurred while \output is active []


Package fontspec Info: Gill Sans scale = 0.9584013355003546.

[23]
Underfull \vbox (badness 10000) has occurred while \output is active []


Package fontspec Info: Gill Sans scale = 0.9584013355003546.

[24]

Package fontspec Info: Gill Sans scale = 0.9584013355003546.

[25]

Package fontspec Info: Gill Sans scale = 0.9584013355003546.

[26]

Package fontspec Info: Gill Sans scale = 0.9584013355003546.

[27]

Package fontspec Info: Gill Sans scale = 0.9584013355003546.

[28]

Package fontspec Info: Gill Sans scale = 0.9584013355003546.

[29]

Package fontspec Info: Gill Sans scale = 0.9584013355003546.


Package Fancyhdr Warning: \headheight is too small (24.82184pt): 
Make it at least 24.83119pt.
We now make it that large for the rest of the document.
This may cause the page layout to be inconsistent, however.

[30]

Package fontspec Info: Gill Sans scale = 0.9584013355003546.

[31]

Package fontspec Info: Gill Sans scale = 0.9584013355003546.

[32]
Underfull \vbox (badness 10000) has occurred while \output is active []


Package fontspec Info: Gill Sans scale = 0.9584013355003546.

[33]
Underfull \vbox (badness 10000) has occurred while \output is active []


Package fontspec Info: Gill Sans scale = 0.9584013355003546.

[34]

Package fontspec Info: Gill Sans scale = 0.9584013355003546.

[35]
File: figures/growth_curve_example.png Graphic file (type bmp)
<figures/growth_curve_example.png>

Underfull \hbox (badness 10000) in paragraph at lines 1706--1707

 []


Package fontspec Info: Gill Sans scale = 0.9584013355003546.

[36]
Underfull \vbox (badness 10000) has occurred while \output is active []


Package fontspec Info: Gill Sans scale = 0.9584013355003546.

[37]
File: figures/growth_curve_raw_data.png Graphic file (type bmp)
<figures/growth_curve_raw_data.png>

Underfull \hbox (badness 10000) in paragraph at lines 1802--1803

 []


Package fontspec Info: Gill Sans scale = 0.9584013355003546.

[38]
File: figures/growth_curve_time_measures.png Graphic file (type bmp)
<figures/growth_curve_time_measures.png>

Underfull \hbox (badness 10000) in paragraph at lines 1842--1843

 []


Package fontspec Info: Gill Sans scale = 0.9584013355003546.

[39]

Package fontspec Info: Gill Sans scale = 0.9584013355003546.

[40]
File: figures/growth_curve_growth_measures.png Graphic file (type bmp)
<figures/growth_curve_growth_measures.png>

Underfull \hbox (badness 10000) in paragraph at lines 1887--1888

 []

File: figures/growth_curve_formatting.png Graphic file (type bmp)
<figures/growth_curve_formatting.png>

Underfull \hbox (badness 10000) in paragraph at lines 1915--1916
[][]
 []


Underfull \hbox (badness 10000) in paragraph at lines 1915--1916

 []


Package fontspec Info: Gill Sans scale = 0.9584013355003546.

[41]

Package fontspec Info: Gill Sans scale = 0.9584013355003546.

[42]
File: figures/arranging_columns.png Graphic file (type bmp)
<figures/arranging_columns.png>

Underfull \hbox (badness 10000) in paragraph at lines 1959--1960
[][]
 []


Underfull \hbox (badness 10000) in paragraph at lines 1959--1960

 []

File: figures/growth_curve_long_vs_wide.png Graphic file (type bmp)
<figures/growth_curve_long_vs_wide.png>

Underfull \hbox (badness 10000) in paragraph at lines 1981--1982

 []


Package fontspec Info: Gill Sans scale = 0.9584013355003546.

[43]
Underfull \vbox (badness 10000) has occurred while \output is active []


Package fontspec Info: Gill Sans scale = 0.9584013355003546.

[44]
Underfull \vbox (badness 10000) has occurred while \output is active []


Package fontspec Info: Gill Sans scale = 0.9584013355003546.

[45]
File: figures/growth_curve_recording_time.png Graphic file (type bmp)
<figures/growth_curve_recording_time.png>

Underfull \hbox (badness 10000) in paragraph at lines 2068--2069

 []

File: figures/growth_curve_simple.png Graphic file (type bmp)
<figures/growth_curve_simple.png>

Underfull \hbox (badness 10000) in paragraph at lines 2086--2087

 []


Underfull \vbox (badness 1360) has occurred while \output is active []


Package fontspec Info: Gill Sans scale = 0.9584013355003546.

[46]
File: figures/growth_curve_report.png Graphic file (type bmp)
<figures/growth_curve_report.png>

Underfull \hbox (badness 10000) in paragraph at lines 2112--2113

 []


Package fontspec Info: Gill Sans scale = 0.9584013355003546.

[47]

Package fontspec Info: Gill Sans scale = 0.9584013355003546.

[48]

Package fontspec Info: Gill Sans scale = 0.9584013355003546.

[49]
File: figures/growth_curve_example.png Graphic file (type bmp)
<figures/growth_curve_example.png>

Underfull \hbox (badness 10000) in paragraph at lines 2196--2197

 []


Package fontspec Info: Gill Sans scale = 0.9584013355003546.

[50]
File: figures/growth_curve_step1.png Graphic file (type bmp)
<figures/growth_curve_step1.png>

Underfull \hbox (badness 10000) in paragraph at lines 2236--2237
[][]
 []


Underfull \hbox (badness 10000) in paragraph at lines 2236--2237

 []


Package fontspec Info: Gill Sans scale = 0.9584013355003546.

[51]
File: figures/growth_curve_step2.png Graphic file (type bmp)
<figures/growth_curve_step2.png>

Underfull \hbox (badness 10000) in paragraph at lines 2262--2263

 []


Package fontspec Info: Gill Sans scale = 0.9584013355003546.

[52]
File: figures/growth_curve_column_options.png Graphic file (type bmp)
<figures/growth_curve_column_options.png>

Underfull \hbox (badness 10000) in paragraph at lines 2281--2282

 []


Package fontspec Info: Gill Sans scale = 0.9584013355003546.

[53]
File: figures/growth_curve_step3.png Graphic file (type bmp)
<figures/growth_curve_step3.png>

Underfull \hbox (badness 10000) in paragraph at lines 2323--2324

 []


Package fontspec Info: Gill Sans scale = 0.9584013355003546.

[54]
File: figures/growth_curve_simple.png Graphic file (type bmp)
<figures/growth_curve_simple.png>

Underfull \hbox (badness 10000) in paragraph at lines 2380--2381

 []


Underfull \vbox (badness 10000) has occurred while \output is active []


Package fontspec Info: Gill Sans scale = 0.9584013355003546.

[55]
File: figures/growth_curve_report.png Graphic file (type bmp)
<figures/growth_curve_report.png>

Underfull \hbox (badness 10000) in paragraph at lines 2394--2395

 []


Package fontspec Info: Gill Sans scale = 0.9584013355003546.

[56]

Package fontspec Info: Gill Sans scale = 0.9584013355003546.

[57]
File: figures/growth_curve_readxl.png Graphic file (type bmp)
<figures/growth_curve_readxl.png>

Underfull \hbox (badness 10000) in paragraph at lines 2442--2443

 []


Package fontspec Info: Gill Sans scale = 0.9584013355003546.

[58]
File: figures/growth_curve_adddifftime.png Graphic file (type bmp)
<figures/growth_curve_adddifftime.png>

Underfull \hbox (badness 10000) in paragraph at lines 2470--2471

 []


Underfull \vbox (badness 1360) has occurred while \output is active []


Package fontspec Info: Gill Sans scale = 0.9584013355003546.

[59]
File: figures/growth_curve_plot_code.png Graphic file (type bmp)
<figures/growth_curve_plot_code.png>

Underfull \hbox (badness 10000) in paragraph at lines 2501--2502

 []

File: figures/growth_curve_function.png Graphic file (type bmp)
<figures/growth_curve_function.png>

Underfull \hbox (badness 10000) in paragraph at lines 2539--2540

 []


Underfull \vbox (badness 10000) has occurred while \output is active []


Package fontspec Info: Gill Sans scale = 0.9584013355003546.

[60]

Package fontspec Info: Gill Sans scale = 0.9584013355003546.

[61]
File: figures/growth_curve_load_packages.png Graphic file (type bmp)
<figures/growth_curve_load_packages.png>

Underfull \hbox (badness 10000) in paragraph at lines 2564--2565

 []


Package fontspec Info: Gill Sans scale = 0.9584013355003546.

[62]

Package fontspec Info: Gill Sans scale = 0.9584013355003546.

[63]
Overfull \hbox (0.355pt too wide) in paragraph at lines 2667--2674
\TU/GillSans(0)/m/n/10 keep a workspace tidy (Module 2.3). He was talking about
 a physical workspace. 
 []


Package fontspec Info: Gill Sans scale = 0.9584013355003546.

[64]
LaTeX Font Info:    Font shape `TU/GillSans(0)/m/it' will be
(Font)              scaled to size 8.50548pt on input line 2691.

Package fontspec Info: Gill Sans scale = 0.9584013355003546.

[65]

Package fontspec Info: Gill Sans scale = 0.9584013355003546.

[66]
Underfull \vbox (badness 10000) has occurred while \output is active []


Package fontspec Info: Gill Sans scale = 0.9584013355003546.

[67]

Package fontspec Info: Gill Sans scale = 0.9584013355003546.

[68]
Underfull \vbox (badness 10000) has occurred while \output is active []


Package fontspec Info: Gill Sans scale = 0.9584013355003546.

[69]

Package fontspec Info: Gill Sans scale = 0.9584013355003546.

[70]

Package fontspec Info: Gill Sans scale = 0.9584013355003546.

[71]
Underfull \vbox (badness 10000) has occurred while \output is active []


Package fontspec Info: Gill Sans scale = 0.9584013355003546.

[72]

Package fontspec Info: Gill Sans scale = 0.9584013355003546.

[73]

Package fontspec Info: Gill Sans scale = 0.9584013355003546.

[74]
Underfull \vbox (badness 10000) has occurred while \output is active []


Package fontspec Info: Gill Sans scale = 0.9584013355003546.

[75]
Underfull \vbox (badness 10000) has occurred while \output is active []


Package fontspec Info: Gill Sans scale = 0.9584013355003546.

[76]
Underfull \vbox (badness 10000) has occurred while \output is active []


Package fontspec Info: Gill Sans scale = 0.9584013355003546.

[77]
Underfull \vbox (badness 10000) has occurred while \output is active []


Package fontspec Info: Gill Sans scale = 0.9584013355003546.

[78]
File: figures/project_template_directory.png Graphic file (type bmp)
<figures/project_template_directory.png>

Underfull \hbox (badness 10000) in paragraph at lines 3455--3456
[][]
 []


Underfull \hbox (badness 10000) in paragraph at lines 3455--3456

 []

File: figures/project_template_morecomplex.png Graphic file (type bmp)
<figures/project_template_morecomplex.png>

Underfull \hbox (badness 10000) in paragraph at lines 3466--3467

 []


Package fontspec Info: Gill Sans scale = 0.9584013355003546.

[79]

Package fontspec Info: Gill Sans scale = 0.9584013355003546.

[80]
File: figures/project_replacing_placeholder_treatment_data.png Graphic file (ty
pe bmp)
<figures/project_replacing_placeholder_treatment_data.png>

Underfull \hbox (badness 10000) in paragraph at lines 3488--3489

 []


Package fontspec Info: Gill Sans scale = 0.9584013355003546.

[81]
File: figures/project_template_basic_use.png Graphic file (type bmp)
<figures/project_template_basic_use.png>

Underfull \hbox (badness 10000) in paragraph at lines 3511--3512
[][]
 []


Underfull \hbox (badness 10000) in paragraph at lines 3511--3512

 []


Overfull \hbox (4.22197pt too wide) in paragraph at lines 3535--3542
\TU/GillSans(0)/m/n/10 and visualizationas well as RMarkdown for writing repor
ts and presentations 
 []


Package fontspec Info: Gill Sans scale = 0.9584013355003546.

[82]

Package fontspec Info: Gill Sans scale = 0.9584013355003546.

[83]
File: figures/create_new_project.png Graphic file (type bmp)
<figures/create_new_project.png>

Underfull \hbox (badness 10000) in paragraph at lines 3603--3604
[][]
 []


Underfull \hbox (badness 10000) in paragraph at lines 3603--3604

 []


Package fontspec Info: Gill Sans scale = 0.9584013355003546.

[84]
File: figures/project_example_project_template.png Graphic file (type bmp)
<figures/project_example_project_template.png>

Underfull \hbox (badness 10000) in paragraph at lines 3625--3626

 []


Overfull \hbox (13.8512pt too wide) in paragraph at lines 3628--3639
[][][][][][][][][][][][][][][][][][][][][][][][][][][][][][][][][][][][][][][][
][][][][][][][][][][][][][][][][][][][][][][][][][][][][]$[]\TU/GillSans(0)/m/n
/10 .  
 []


Package fontspec Info: Gill Sans scale = 0.9584013355003546.

[85]

Package fontspec Info: Gill Sans scale = 0.9584013355003546.

[86]

Package fontspec Info: Gill Sans scale = 0.9584013355003546.

[87]
File: figures/project_metadata.png Graphic file (type bmp)
<figures/project_metadata.png>

Underfull \hbox (badness 10000) in paragraph at lines 3754--3755

 []


Package fontspec Info: Gill Sans scale = 0.9584013355003546.

[88]
File: figures/project_treatment_details.png Graphic file (type bmp)
<figures/project_treatment_details.png>

Underfull \hbox (badness 10000) in paragraph at lines 3769--3770
[][]
 []


Underfull \hbox (badness 10000) in paragraph at lines 3769--3770

 []

File: figures/project_mouse_weights.png Graphic file (type bmp)
<figures/project_mouse_weights.png>

Underfull \hbox (badness 10000) in paragraph at lines 3789--3790
[][]
 []


Underfull \hbox (badness 10000) in paragraph at lines 3789--3790

 []


Package fontspec Info: Gill Sans scale = 0.9584013355003546.

[89]
File: figures/project_bacterial_load.png Graphic file (type bmp)
<figures/project_bacterial_load.png>

Underfull \hbox (badness 10000) in paragraph at lines 3798--3799

 []


Package fontspec Info: Gill Sans scale = 0.9584013355003546.

[90]

Package fontspec Info: Gill Sans scale = 0.9584013355003546.

[91]
File: figures/project_data_collection.png Graphic file (type bmp)
<figures/project_data_collection.png>

Underfull \hbox (badness 10000) in paragraph at lines 3911--3912

 []


Package fontspec Info: Gill Sans scale = 0.9584013355003546.

[92]

Package fontspec Info: Gill Sans scale = 0.9584013355003546.

[93]
File: figures/project_replace_placeholder_metadata.png Graphic file (type bmp)
<figures/project_replace_placeholder_metadata.png>

Underfull \hbox (badness 10000) in paragraph at lines 3943--3944

 []

File: figures/project_replacing_placeholder_treatment_data.png Graphic file (ty
pe bmp)
<figures/project_replacing_placeholder_treatment_data.png>

Underfull \hbox (badness 10000) in paragraph at lines 3958--3959

 []


Package fontspec Info: Gill Sans scale = 0.9584013355003546.

[94]

Package fontspec Info: Gill Sans scale = 0.9584013355003546.

[95]

Package fontspec Info: Gill Sans scale = 0.9584013355003546.

[96]
File: figures/project_opening_and_running_report.png Graphic file (type bmp)
<figures/project_opening_and_running_report.png>

Underfull \hbox (badness 10000) in paragraph at lines 4005--4006
[][]
 []


Underfull \hbox (badness 10000) in paragraph at lines 4005--4006

 []

File: figures/project_example_report_study001.png Graphic file (type bmp)
<figures/project_example_report_study001.png>

Underfull \hbox (badness 10000) in paragraph at lines 4009--4010

 []

File: figures/project_prelim_report.png Graphic file (type bmp)
<figures/project_prelim_report.png>

Underfull \hbox (badness 10000) in paragraph at lines 4025--4026

 []

File: figures/project_study_info_table.png Graphic file (type bmp)
<figures/project_study_info_table.png>

Underfull \hbox (badness 10000) in paragraph at lines 4036--4037
[][]
 []


Underfull \hbox (badness 10000) in paragraph at lines 4036--4037

 []


Underfull \vbox (badness 10000) has occurred while \output is active []


Package fontspec Info: Gill Sans scale = 0.9584013355003546.

[97]

Package fontspec Info: Gill Sans scale = 0.9584013355003546.

[98]

Package fontspec Info: Gill Sans scale = 0.9584013355003546.

[99]
File: figures/project_mouse_weights_graph.png Graphic file (type bmp)
<figures/project_mouse_weights_graph.png>

Underfull \hbox (badness 10000) in paragraph at lines 4046--4047

 []

File: figures/project_bact_compare_plot.png Graphic file (type bmp)
<figures/project_bact_compare_plot.png>

Underfull \hbox (badness 10000) in paragraph at lines 4066--4067

 []


Package fontspec Info: Gill Sans scale = 0.9584013355003546.

[100]

Package fontspec Info: Gill Sans scale = 0.9584013355003546.

[101]

Package fontspec Info: Gill Sans scale = 0.9584013355003546.

[102]

Package fontspec Info: Gill Sans scale = 0.9584013355003546.

[103]

Package fontspec Info: Gill Sans scale = 0.9584013355003546.

[104]

Package fontspec Info: Gill Sans scale = 0.9584013355003546.

[105]

Package fontspec Info: Gill Sans scale = 0.9584013355003546.

[106]
Underfull \vbox (badness 10000) has occurred while \output is active []


Package fontspec Info: Gill Sans scale = 0.9584013355003546.

[107]

Package fontspec Info: Gill Sans scale = 0.9584013355003546.

[108]

Package fontspec Info: Gill Sans scale = 0.9584013355003546.

[109]

Package fontspec Info: Gill Sans scale = 0.9584013355003546.

[110]

Package fontspec Info: Gill Sans scale = 0.9584013355003546.

[111]
Overfull \hbox (14.76315pt too wide) in paragraph at lines 4602--4602
|[]\TU/GillSans(0)/m/it/12 Enhance the reproducibility of collaborative researc
h with version con-
 []


Package fontspec Info: Gill Sans scale = 0.9584013355003546.

[112]
Underfull \vbox (badness 10000) has occurred while \output is active []


Package fontspec Info: Gill Sans scale = 0.9584013355003546.

[113]

Package fontspec Info: Gill Sans scale = 0.9584013355003546.

[114]

Package fontspec Info: Gill Sans scale = 0.9584013355003546.

[115]

Package fontspec Info: Gill Sans scale = 0.9584013355003546.

[116]

Package fontspec Info: Gill Sans scale = 0.9584013355003546.

[117]
Overfull \hbox (2.59933pt too wide) in paragraph at lines 4909--4916
[]\TU/GillSans(0)/m/n/10 This set-up makes it easy to bring all the project fil
es onto a new computer 
 []


Package fontspec Info: Gill Sans scale = 0.9584013355003546.

[118]

Package fontspec Info: Gill Sans scale = 0.9584013355003546.

[119]

Package fontspec Info: Gill Sans scale = 0.9584013355003546.

[120]

Package fontspec Info: Gill Sans scale = 0.9584013355003546.

[121]
File: figures/github_commits1.png Graphic file (type bmp)
<figures/github_commits1.png>

Underfull \hbox (badness 10000) in paragraph at lines 5122--5123

 []

File: figures/github_commit_history.png Graphic file (type bmp)
<figures/github_commit_history.png>

Underfull \hbox (badness 10000) in paragraph at lines 5134--5135

 []


Package fontspec Info: Gill Sans scale = 0.9584013355003546.

[122]
File: figures/github_commit_history2.png Graphic file (type bmp)
<figures/github_commit_history2.png>

Underfull \hbox (badness 10000) in paragraph at lines 5154--5155

 []


Package fontspec Info: Gill Sans scale = 0.9584013355003546.

[123]
File: figures/github_commits2.png Graphic file (type bmp)
<figures/github_commits2.png>

Underfull \hbox (badness 10000) in paragraph at lines 5176--5177

 []

File: figures/github_issues.png Graphic file (type bmp)
<figures/github_issues.png>

Underfull \hbox (badness 10000) in paragraph at lines 5195--5196

 []

File: figures/github_issues2.png Graphic file (type bmp)
<figures/github_issues2.png>

Underfull \hbox (badness 10000) in paragraph at lines 5204--5205

 []


Package fontspec Info: Gill Sans scale = 0.9584013355003546.

[124]

Package fontspec Info: Gill Sans scale = 0.9584013355003546.

[125]

Package fontspec Info: Gill Sans scale = 0.9584013355003546.

[126]
File: figures/github_issues3.png Graphic file (type bmp)
<figures/github_issues3.png>

Underfull \hbox (badness 10000) in paragraph at lines 5222--5223

 []


Package fontspec Info: Gill Sans scale = 0.9584013355003546.

[127]

Package fontspec Info: Gill Sans scale = 0.9584013355003546.

[128]

Package fontspec Info: Gill Sans scale = 0.9584013355003546.

[129] [130

]
Chapter 3.

Underfull \vbox (badness 2486) has occurred while \output is active []

[131]
Underfull \vbox (badness 10000) has occurred while \output is active []


Package fontspec Info: Gill Sans scale = 0.9584013355003546.

[132]

Package fontspec Info: Gill Sans scale = 0.9584013355003546.

[133]
Underfull \vbox (badness 10000) has occurred while \output is active []


Package fontspec Info: Gill Sans scale = 0.9584013355003546.

[134]

Package fontspec Info: Gill Sans scale = 0.9584013355003546.

[135]
Underfull \vbox (badness 10000) has occurred while \output is active []


Package fontspec Info: Gill Sans scale = 0.9584013355003546.

[136]

Package fontspec Info: Gill Sans scale = 0.9584013355003546.

[137]

Package fontspec Info: Gill Sans scale = 0.9584013355003546.

[138]

Package fontspec Info: Gill Sans scale = 0.9584013355003546.

[139]
Underfull \vbox (badness 10000) has occurred while \output is active []


Package fontspec Info: Gill Sans scale = 0.9584013355003546.

[140]
Underfull \vbox (badness 10000) has occurred while \output is active []


Package fontspec Info: Gill Sans scale = 0.9584013355003546.

[141]

Package fontspec Info: Gill Sans scale = 0.9584013355003546.

[142]

Package fontspec Info: Gill Sans scale = 0.9584013355003546.

[143]

Package fontspec Info: Gill Sans scale = 0.9584013355003546.

[144]

Package fontspec Info: Gill Sans scale = 0.9584013355003546.

[145]
Underfull \vbox (badness 10000) has occurred while \output is active []


Package fontspec Info: Gill Sans scale = 0.9584013355003546.

[146]
Underfull \vbox (badness 10000) has occurred while \output is active []


Package fontspec Info: Gill Sans scale = 0.9584013355003546.

[147]

Package fontspec Info: Gill Sans scale = 0.9584013355003546.

[148]

Package fontspec Info: Gill Sans scale = 0.9584013355003546.

[149]
Underfull \vbox (badness 10000) has occurred while \output is active []


Package fontspec Info: Gill Sans scale = 0.9584013355003546.

[150]

Package fontspec Info: Gill Sans scale = 0.9584013355003546.

[151]
Underfull \vbox (badness 10000) has occurred while \output is active []


Package fontspec Info: Gill Sans scale = 0.9584013355003546.

[152]
Underfull \vbox (badness 10000) has occurred while \output is active []


Package fontspec Info: Gill Sans scale = 0.9584013355003546.

[153]
Underfull \vbox (badness 10000) has occurred while \output is active []


Package fontspec Info: Gill Sans scale = 0.9584013355003546.

[154]

Package fontspec Info: Gill Sans scale = 0.9584013355003546.

[155]

Package fontspec Info: Gill Sans scale = 0.9584013355003546.

[156]
Underfull \vbox (badness 10000) has occurred while \output is active []


Package fontspec Info: Gill Sans scale = 0.9584013355003546.

[157]

Package fontspec Info: Gill Sans scale = 0.9584013355003546.

[158]

Package fontspec Info: Gill Sans scale = 0.9584013355003546.

[159]
Underfull \vbox (badness 10000) has occurred while \output is active []


Package fontspec Info: Gill Sans scale = 0.9584013355003546.

[160]

Package fontspec Info: Gill Sans scale = 0.9584013355003546.

[161]
Underfull \vbox (badness 1895) has occurred while \output is active []


Package fontspec Info: Gill Sans scale = 0.9584013355003546.

[162]
Underfull \vbox (badness 10000) has occurred while \output is active []


Package fontspec Info: Gill Sans scale = 0.9584013355003546.

[163]
Underfull \vbox (badness 10000) has occurred while \output is active []


Package fontspec Info: Gill Sans scale = 0.9584013355003546.

[164]
Underfull \vbox (badness 10000) has occurred while \output is active []


Package fontspec Info: Gill Sans scale = 0.9584013355003546.

[165]

Package fontspec Info: Gill Sans scale = 0.9584013355003546.

[166]
Underfull \vbox (badness 10000) has occurred while \output is active []


Package fontspec Info: Gill Sans scale = 0.9584013355003546.

[167]
Underfull \vbox (badness 10000) has occurred while \output is active []


Package fontspec Info: Gill Sans scale = 0.9584013355003546.

[168]

Package fontspec Info: Gill Sans scale = 0.9584013355003546.

[169]

Package fontspec Info: Gill Sans scale = 0.9584013355003546.

[170]

Package fontspec Info: Gill Sans scale = 0.9584013355003546.

[171]
Underfull \vbox (badness 10000) has occurred while \output is active []


Package fontspec Info: Gill Sans scale = 0.9584013355003546.

[172]
Underfull \vbox (badness 10000) has occurred while \output is active []


Package fontspec Info: Gill Sans scale = 0.9584013355003546.

[173]

Package fontspec Info: Gill Sans scale = 0.9584013355003546.

[174]
Overfull \hbox (0.54964pt too wide) in paragraph at lines 7595--7605
[]\TU/GillSans(0)/m/n/10 These functions can also be used for basic cleaning op
erations in a dataframe. 
 []


Package fontspec Info: Gill Sans scale = 0.9584013355003546.

[175]
Underfull \vbox (badness 10000) has occurred while \output is active []


Package fontspec Info: Gill Sans scale = 0.9584013355003546.

[176]

Package fontspec Info: Gill Sans scale = 0.9584013355003546.

[177]

Package fontspec Info: Gill Sans scale = 0.9584013355003546.

[178]
Underfull \vbox (badness 10000) has occurred while \output is active []


Package fontspec Info: Gill Sans scale = 0.9584013355003546.

[179]
Overfull \hbox (2.93161pt too wide) in paragraph at lines 7898--7901
\TU/GillSans(0)/m/n/10 based researchers seeking to use reproducibility tools f
or data pre-processing  
 []


Package fontspec Info: Gill Sans scale = 0.9584013355003546.

[180]

Package fontspec Info: Gill Sans scale = 0.9584013355003546.

[181]
Underfull \vbox (badness 10000) has occurred while \output is active []


Package fontspec Info: Gill Sans scale = 0.9584013355003546.

[182]

Package fontspec Info: Gill Sans scale = 0.9584013355003546.

[183]
Overfull \hbox (16.6857pt too wide) in paragraph at lines 8071--8071
|[]\TU/GillSans(0)/m/it/10.95 Why is it sometimes necessary to use a Bioconduct
or approach with biomed-
 []


Package fontspec Info: Gill Sans scale = 0.9584013355003546.

[184]

Package fontspec Info: Gill Sans scale = 0.9584013355003546.

[185]
Overfull \hbox (8.06868pt too wide) in paragraph at lines 8184--8192
\TU/GillSans(0)/m/n/10 Work with research data will typically require a series 
of steps for pre-processing, 
 []

File: figures/workflow.png Graphic file (type bmp)
<figures/workflow.png>

Underfull \hbox (badness 10000) in paragraph at lines 8207--8208

 []


Package fontspec Info: Gill Sans scale = 0.9584013355003546.

[186]

Package fontspec Info: Gill Sans scale = 0.9584013355003546.

[187]

Package fontspec Info: Gill Sans scale = 0.9584013355003546.

[188]
Overfull \hbox (5.78625pt too wide) in paragraph at lines 8291--8294
[]\TU/GillSans(0)/m/n/10 Explain how such protocols improve reproducibility at 
the data pre-processing 
 []


Overfull \hbox (5.585pt too wide) in paragraph at lines 8335--8347
[]\TU/GillSans(0)/m/n/10 In module 3.9, well walk through an example of creati
ng a data pre-processing 
 []


Package fontspec Info: Gill Sans scale = 0.9584013355003546.

[189]
Underfull \vbox (badness 10000) has occurred while \output is active []


Package fontspec Info: Gill Sans scale = 0.9584013355003546.

[190]
File: figures/vignette_example_annotated.png Graphic file (type bmp)
<figures/vignette_example_annotated.png>

Underfull \hbox (badness 10000) in paragraph at lines 8417--8418

 []


Package fontspec Info: Gill Sans scale = 0.9584013355003546.

[191]

Package fontspec Info: Gill Sans scale = 0.9584013355003546.

[192]
Underfull \vbox (badness 10000) has occurred while \output is active []


Package fontspec Info: Gill Sans scale = 0.9584013355003546.

[193]
Underfull \vbox (badness 10000) has occurred while \output is active []


Package fontspec Info: Gill Sans scale = 0.9584013355003546.

[194]
Underfull \vbox (badness 10000) has occurred while \output is active []


Package fontspec Info: Gill Sans scale = 0.9584013355003546.

[195]

Package fontspec Info: Gill Sans scale = 0.9584013355003546.

[196]
File: figures/plaintext_vignette_example.png Graphic file (type bmp)
<figures/plaintext_vignette_example.png>

Underfull \hbox (badness 10000) in paragraph at lines 8692--8693

 []


Overfull \hbox (92.67351pt too wide) in paragraph at lines 8693--8693
\TU/GillSans(0)/m/n/8 [here](https://github.com/sneumann/xcms/blob/master/vigne
ttes/xcms.Rmd).  
 []


Package fontspec Info: Gill Sans scale = 0.9584013355003546.

[197]

Package fontspec Info: Gill Sans scale = 0.9584013355003546.

[198]
File: figures/demarcating_code.png Graphic file (type bmp)
<figures/demarcating_code.png>

Underfull \hbox (badness 10000) in paragraph at lines 8796--8797

 []


Package fontspec Info: Gill Sans scale = 0.9584013355003546.

[199]
File: figures/originalandfinal.png Graphic file (type bmp)
<figures/originalandfinal.png>

Underfull \hbox (badness 10000) in paragraph at lines 8828--8829

 []


Package fontspec Info: Gill Sans scale = 0.9584013355003546.

[200]

Package fontspec Info: Gill Sans scale = 0.9584013355003546.

[201]
File: figures/rmarkdown_newfile.png Graphic file (type bmp)
<figures/rmarkdown_newfile.png>

Underfull \hbox (badness 10000) in paragraph at lines 8926--8927

 []

File: figures/rmarkdown_choices.png Graphic file (type bmp)
<figures/rmarkdown_choices.png>

Underfull \hbox (badness 10000) in paragraph at lines 8941--8942

 []


Package fontspec Info: Gill Sans scale = 0.9584013355003546.

[202]
File: figures/rmarkdown_template.png Graphic file (type bmp)
<figures/rmarkdown_template.png>

Underfull \hbox (badness 10000) in paragraph at lines 8954--8955
[][]
 []


Underfull \hbox (badness 10000) in paragraph at lines 8954--8955

 []

File: figures/rmarkdownoriginalfinal.png Graphic file (type bmp)
<figures/rmarkdownoriginalfinal.png>

Underfull \hbox (badness 10000) in paragraph at lines 8976--8977

 []

File: figures/rmarkdown_template2.png Graphic file (type bmp)
<figures/rmarkdown_template2.png>

Underfull \hbox (badness 10000) in paragraph at lines 8980--8981

 []


Underfull \vbox (badness 10000) has occurred while \output is active []


Package fontspec Info: Gill Sans scale = 0.9584013355003546.

[203]

Package fontspec Info: Gill Sans scale = 0.9584013355003546.

[204]

Package fontspec Info: Gill Sans scale = 0.9584013355003546.

[205]

Package fontspec Info: Gill Sans scale = 0.9584013355003546.

[206]

Package fontspec Info: Gill Sans scale = 0.9584013355003546.

[207]

Package fontspec Info: Gill Sans scale = 0.9584013355003546.

[208]
Underfull \vbox (badness 10000) has occurred while \output is active []


Package fontspec Info: Gill Sans scale = 0.9584013355003546.

[209]

Package fontspec Info: Gill Sans scale = 0.9584013355003546.

[210]
Overfull \hbox (24.0pt too wide) in paragraph at lines 9304--9304
[]  \TU/lmtt/m/n/10 title={Cyto-feature engineering: A pipeline for flow cytome
try[] 
 []


Overfull \hbox (24.0pt too wide) in paragraph at lines 9304--9304
[]    \TU/lmtt/m/n/10 analysis to uncover immune populations and associations w
ith[] 
 []


Overfull \hbox (29.25pt too wide) in paragraph at lines 9304--9304
[]  \TU/lmtt/m/n/10 author={Fox, Amy and Dutt, Taru S and Karger, Burton and Ro
jas,[] 
 []

File: figures/google_scholar.png Graphic file (type bmp)
<figures/google_scholar.png>

Underfull \hbox (badness 10000) in paragraph at lines 9336--9337
[][]
 []


Underfull \hbox (badness 10000) in paragraph at lines 9336--9337

 []


Package fontspec Info: Gill Sans scale = 0.9584013355003546.

[211]

Package fontspec Info: Gill Sans scale = 0.9584013355003546.

[212]
File: figures/blogdownexample.png Graphic file (type bmp)
<figures/blogdownexample.png>

Underfull \hbox (badness 10000) in paragraph at lines 9406--9407
[][]
 []


Underfull \hbox (badness 10000) in paragraph at lines 9406--9407

 []

File: figures/rticles_example.png Graphic file (type bmp)
<figures/rticles_example.png>

Underfull \hbox (badness 10000) in paragraph at lines 9421--9422
[][]
 []


Underfull \hbox (badness 10000) in paragraph at lines 9421--9422

 []


Package fontspec Info: Gill Sans scale = 0.9584013355003546.

[213]
Underfull \vbox (badness 2662) has occurred while \output is active []


Package fontspec Info: Gill Sans scale = 0.9584013355003546.

[214]

Package fontspec Info: Gill Sans scale = 0.9584013355003546.

[215]

Package fontspec Info: Gill Sans scale = 0.9584013355003546.

[216]
Overfull \hbox (0.60927pt too wide) in paragraph at lines 9518--9528
\TU/GillSans(0)/m/n/10 We will walk through an example of creating a reproducib
le data pre-processing 
 []


Package fontspec Info: Gill Sans scale = 0.9584013355003546.

[217]
Underfull \vbox (badness 10000) has occurred while \output is active []


Package fontspec Info: Gill Sans scale = 0.9584013355003546.

[218]

Package fontspec Info: Gill Sans scale = 0.9584013355003546.

[219]
Underfull \vbox (badness 10000) has occurred while \output is active []


Package fontspec Info: Gill Sans scale = 0.9584013355003546.

[220]
Overfull \hbox (24.0pt too wide) in paragraph at lines 9742--9742
[]\TU/lmtt/m/n/10 ##   group replicate dilution_0 dilution_1 dilution_2 dilutio
n_3[] 
 []


Overfull \hbox (24.0pt too wide) in paragraph at lines 9742--9742
[]\TU/lmtt/m/n/10 ##   <dbl> <chr>     <chr>      <chr>           <dbl>      <d
bl>[] 
 []


Overfull \hbox (24.0pt too wide) in paragraph at lines 9742--9742
[]\TU/lmtt/m/n/10 ## 1     2 2-A       26         10                  0        
  0[] 
 []


Overfull \hbox (24.0pt too wide) in paragraph at lines 9742--9742
[]\TU/lmtt/m/n/10 ## 2     2 2-B       TNTC       52                 10        
  5[] 
 []


Overfull \hbox (24.0pt too wide) in paragraph at lines 9742--9742
[]\TU/lmtt/m/n/10 ## 3     2 2-C       0          0                   0        
  0[] 
 []


Overfull \hbox (24.0pt too wide) in paragraph at lines 9742--9742
[]\TU/lmtt/m/n/10 ## 4     3 3-A       0          0                   0        
  0[] 
 []


Overfull \hbox (24.0pt too wide) in paragraph at lines 9742--9742
[]\TU/lmtt/m/n/10 ## 5     3 3-B       TNTC       TNTC               30        
 10[] 
 []


Overfull \hbox (24.0pt too wide) in paragraph at lines 9742--9742
[]\TU/lmtt/m/n/10 ## 6     3 3-C       0          0                   0        
  0[] 
 []

File: figures/protocol_data_input.png Graphic file (type bmp)
<figures/protocol_data_input.png>

Underfull \hbox (badness 10000) in paragraph at lines 9761--9762

 []


Package fontspec Info: Gill Sans scale = 0.9584013355003546.

[221]

Package fontspec Info: Gill Sans scale = 0.9584013355003546.

[222]
File: figures/protocol_project_files.png Graphic file (type bmp)
<figures/protocol_project_files.png>

Underfull \hbox (badness 10000) in paragraph at lines 9834--9835

 []


Package fontspec Info: Gill Sans scale = 0.9584013355003546.

[223]
File: figures/protocol_sections.png Graphic file (type bmp)
<figures/protocol_sections.png>

Underfull \hbox (badness 10000) in paragraph at lines 9873--9874

 []


Package fontspec Info: Gill Sans scale = 0.9584013355003546.

[224]
File: figures/protocol_code.png Graphic file (type bmp)
<figures/protocol_code.png>

Underfull \hbox (badness 10000) in paragraph at lines 9914--9915
[][]
 []


Underfull \hbox (badness 10000) in paragraph at lines 9914--9915

 []


Underfull \vbox (badness 10000) has occurred while \output is active []


Package fontspec Info: Gill Sans scale = 0.9584013355003546.

[225]
Underfull \vbox (badness 10000) has occurred while \output is active []


Package fontspec Info: Gill Sans scale = 0.9584013355003546.

[226]
File: figures/protocol_output_data.png Graphic file (type bmp)
<figures/protocol_output_data.png>

Underfull \hbox (badness 10000) in paragraph at lines 10038--10039

 []


Underfull \vbox (badness 10000) has occurred while \output is active []


Package fontspec Info: Gill Sans scale = 0.9584013355003546.

[227]
Underfull \vbox (badness 10000) has occurred while \output is active []


Package fontspec Info: Gill Sans scale = 0.9584013355003546.

[228]
File: figures/protocol_references.png Graphic file (type bmp)
<figures/protocol_references.png>

Underfull \hbox (badness 10000) in paragraph at lines 10115--10116
[][]
 []


Underfull \hbox (badness 10000) in paragraph at lines 10115--10116

 []


Underfull \vbox (badness 10000) has occurred while \output is active []


Package fontspec Info: Gill Sans scale = 0.9584013355003546.

[229]
File: figures/protocol_equations_tables.png Graphic file (type bmp)
<figures/protocol_equations_tables.png>

Underfull \hbox (badness 10000) in paragraph at lines 10128--10129

 []

File: figures/protocol_figures.png Graphic file (type bmp)
<figures/protocol_figures.png>

Underfull \hbox (badness 10000) in paragraph at lines 10146--10147

 []

File: figures/protocol_yaml_date.png Graphic file (type bmp)
<figures/protocol_yaml_date.png>

Underfull \hbox (badness 10000) in paragraph at lines 10156--10157
[][]
 []


Underfull \hbox (badness 10000) in paragraph at lines 10156--10157

 []


Underfull \vbox (badness 10000) has occurred while \output is active []


Package fontspec Info: Gill Sans scale = 0.9584013355003546.

[230]

Package fontspec Info: Gill Sans scale = 0.9584013355003546.

[231] (./improve_repro.bbl

Package fontspec Info: Gill Sans scale = 0.9584013355003546.

[232]
Chapter 4.
[233

]

Package fontspec Info: Gill Sans scale = 0.9584013355003546.

[234]

Package fontspec Info: Gill Sans scale = 0.9584013355003546.

[235]

Package fontspec Info: Gill Sans scale = 0.9584013355003546.

[236]

Package fontspec Info: Gill Sans scale = 0.9584013355003546.

[237]

Package fontspec Info: Gill Sans scale = 0.9584013355003546.

[238]

Package fontspec Info: Gill Sans scale = 0.9584013355003546.

[239]

Package fontspec Info: Gill Sans scale = 0.9584013355003546.

[240]

Package fontspec Info: Gill Sans scale = 0.9584013355003546.

[241])
Package atveryend Info: Empty hook `BeforeClearDocument' on input line 10174.

Package fontspec Info: Gill Sans scale = 0.9584013355003546.

[242]
Package atveryend Info: Empty hook `AfterLastShipout' on input line 10174.
(./improve_repro.aux)
Package atveryend Info: Empty hook `AtVeryEndDocument' on input line 10174.
Package atveryend Info: Executing hook `AtEndAfterFileList' on input line 10174
.
Package rerunfilecheck Info: File `improve_repro.out' has not changed.
(rerunfilecheck)             Checksum: 3487C0AF9BDB462080B9BCF312B31B5A;7068.

LaTeX Font Warning: Some font shapes were not available, defaults substituted.

Package atveryend Info: Empty hook `AtVeryVeryEnd' on input line 10174.
 ) 
Here is how much of TeX's memory you used:
 18282 strings out of 479418
 341139 string characters out of 5884586
 696928 words of memory out of 5000000
 35376 multiletter control sequences out of 15000+600000
 535088 words of font info for 69 fonts, out of 8000000 for 9000
 1348 hyphenation exceptions out of 8191
 63i,12n,129p,1209b,779s stack positions out of 5000i,500n,10000p,200000b,80000s

Output written on improve_repro.pdf (242 pages).
